#
# A fatal error has been detected by the Java Runtime Environment:
#
#  Internal Error (javaClasses.cpp:129), pid=24868, tid=75956
#  fatal error: Invalid layout of preloaded class
#
# JRE version: 7.0_07-b11
# Java VM: Java HotSpot(TM) 64-Bit Server VM (23.3-b01 mixed mode windows-amd64 compressed oops)
# Failed to write core dump. Minidumps are not enabled by default on client versions of Windows
#
# If you would like to submit a bug report, please visit:
#   http://bugreport.sun.com/bugreport/crash.jsp
#

---------------  T H R E A D  ---------------

Current thread (0x00000000023ed000):  JavaThread "Unknown thread" [_thread_in_vm, id=75956, stack(0x0000000002540000,0x0000000002640000)]

Stack: [0x0000000002540000,0x0000000002640000]

---------------  P R O C E S S  ---------------

Java Threads: ( => current thread )

Other Threads:

=>0x00000000023ed000 (exited) JavaThread "Unknown thread" [_thread_in_vm, id=75956, stack(0x0000000002540000,0x0000000002640000)]

VM state:not at safepoint (not fully initialized)

VM Mutex/Monitor currently owned by a thread: None

GC Heap History (0 events):
No events

Deoptimization events (0 events):
No events

Internal exceptions (0 events):
No events

Events (10 events):
Event: 0.007 loading class 0x00000000022acaf0 done
Event: 0.007 loading class 0x0000000002262c60 done
Event: 0.007 loading class 0x0000000002262c30
Event: 0.007 loading class 0x00000000022b6270
Event: 0.007 loading class 0x00000000022b6270 done
Event: 0.007 loading class 0x00000000022b62b0
Event: 0.007 loading class 0x00000000022b62b0 done
Event: 0.007 loading class 0x000000000a6f6990
Event: 0.007 loading class 0x000000000a6f6990 done
Event: 0.007 loading class 0x0000000002262c30 done


Dynamic libraries:
0x000000013f890000 - 0x000000013f8c4000 	C:\Program Files\Java\jre7\bin\javaw.exe
0x00000000778a0000 - 0x0000000077a49000 	C:\Windows\SYSTEM32\ntdll.dll
0x0000000077780000 - 0x000000007789f000 	C:\Windows\system32\kernel32.dll
0x000007fefde70000 - 0x000007fefdedc000 	C:\Windows\system32\KERNELBASE.dll
0x000007fefe470000 - 0x000007fefe54b000 	C:\Windows\system32\ADVAPI32.dll
0x000007fefe0d0000 - 0x000007fefe16f000 	C:\Windows\system32\msvcrt.dll
0x000007fefe260000 - 0x000007fefe27f000 	C:\Windows\SYSTEM32\sechost.dll
0x000007feff7b0000 - 0x000007feff8dd000 	C:\Windows\system32\RPCRT4.dll
0x0000000077470000 - 0x000000007756a000 	C:\Windows\system32\USER32.dll
0x000007fefe6b0000 - 0x000007fefe717000 	C:\Windows\system32\GDI32.dll
0x000007fefe250000 - 0x000007fefe25e000 	C:\Windows\system32\LPK.dll
0x000007fefe3a0000 - 0x000007fefe469000 	C:\Windows\system32\USP10.dll
0x000007fefc920000 - 0x000007fefcb14000 	C:\Windows\WinSxS\amd64_microsoft.windows.common-controls_6595b64144ccf1df_6.0.7601.17514_none_fa396087175ac9ac\COMCTL32.dll
0x000007fefe170000 - 0x000007fefe1e1000 	C:\Windows\system32\SHLWAPI.dll
0x000007feffb80000 - 0x000007feffbae000 	C:\Windows\system32\IMM32.DLL
0x000007fefe550000 - 0x000007fefe659000 	C:\Windows\system32\MSCTF.dll
0x000000006e1a0000 - 0x000000006e271000 	C:\Program Files\Java\jre7\bin\msvcr100.dll
0x000000006a110000 - 0x000000006a82f000 	C:\Program Files\Java\jre7\bin\server\jvm.dll
0x000007fef9800000 - 0x000007fef9809000 	C:\Windows\system32\WSOCK32.dll
0x000007fefe660000 - 0x000007fefe6ad000 	C:\Windows\system32\WS2_32.dll
0x000007fefe800000 - 0x000007fefe808000 	C:\Windows\system32\NSI.dll
0x000007fefb710000 - 0x000007fefb74b000 	C:\Windows\system32\WINMM.dll
0x0000000077a60000 - 0x0000000077a67000 	C:\Windows\system32\PSAPI.DLL
0x0000000073310000 - 0x000000007331f000 	C:\Program Files\Java\jre7\bin\verify.dll
0x0000000070420000 - 0x0000000070448000 	C:\Program Files\Java\jre7\bin\java.dll
0x00000000732f0000 - 0x0000000073305000 	C:\Program Files\Java\jre7\bin\zip.dll

VM Arguments:
jvm_args: -Dfile.encoding=Cp1252 -Xbootclasspath:C:\Users\Owner\AppData\Local\Android\android-sdk\platforms\android-16\android.jar 
java_command: com.wise.android.Application
Launcher Type: SUN_STANDARD

Environment Variables:
CLASSPATH=.;C:\Program Files (x86)\Java\jre6\lib\ext\QTJava.zip
PATH=C:\Program Files (x86)\HP SimplePass 2011\x64;C:\Program Files (x86)\HP SimplePass 2011\;;C:\Program Files\Common Files\Microsoft Shared\Windows Live;C:\Program Files (x86)\Common Files\Microsoft Shared\Windows Live;C:\Windows\system32;C:\Windows;C:\Windows\System32\Wbem;C:\Windows\System32\WindowsPowerShell\v1.0\;C:\Program Files (x86)\Common Files\Roxio Shared\DLLShared\;C:\Program Files (x86)\Common Files\Roxio Shared\DLLShared\;C:\Program Files (x86)\Common Files\Roxio Shared\12.0\DLLShared\;C:\Program Files (x86)\Windows Live\Shared;C:\Program Files (x86)\ATI Technologies\ATI.ACE\Core-Static;C:\Program Files\Intel\WiFi\bin\;C:\Program Files\Common Files\Intel\WirelessCommon\;C:\Program Files (x86)\QuickTime\QTSystem\;C:\Tcl\bin;C:\Ruby187\bin;C:\Program Files (x86)\HP SimplePass 2011\x64;C:\Program Files (x86)\HP SimplePass 2011\;;C:\Program Files\Common Files\Microsoft Shared\Windows Live;C:\Program Files (x86)\Common Files\Microsoft Shared\Windows Live;C:\Windows\system32;C:\Windows;C:\Windows\System32\Wbem;C:\Windows\System32\WindowsPowerShell\v1.0\;C:\Program Files (x86)\Common Files\Roxio Shared\DLLShared\;C:\Program Files (x86)\Common Files\Roxio Shared\DLLShared\;C:\Program Files (x86)\Common Files\Roxio Shared\12.0\DLLShared\;C:\Program Files (x86)\Windows Live\Shared;C:\Program Files (x86)\ATI Technologies\ATI.ACE\Core-Static;C:\Program Files\Intel\WiFi\bin\;C:\Program Files\Common Files\Intel\WirelessCommon\;C:\Program Files (x86)\QuickTime\QTSystem\
USERNAME=Owner
OS=Windows_NT
PROCESSOR_IDENTIFIER=Intel64 Family 6 Model 42 Stepping 7, GenuineIntel



---------------  S Y S T E M  ---------------

OS: Windows 7 , 64 bit Build 7601 Service Pack 1

CPU:total 8 (4 cores per cpu, 2 threads per core) family 6 model 42 stepping 7, cmov, cx8, fxsr, mmx, sse, sse2, sse3, ssse3, sse4.1, sse4.2, popcnt, avx, ht, tsc, tscinvbit

Memory: 4k page, physical 6238064k(3708712k free), swap 12474276k(8717012k free)

vm_info: Java HotSpot(TM) 64-Bit Server VM (23.3-b01) for windows-amd64 JRE (1.7.0_07-b11), built on Sep  7 2012 01:19:25 by "java_re" with unknown MS VC++:1600

time: Fri Dec 07 01:20:04 2012
elapsed time: 0 seconds

