#
# A fatal error has been detected by the Java Runtime Environment:
#
#  Internal Error (classFileParser.cpp:3470), pid=8836, tid=8012
#  Error: ShouldNotReachHere()
#
# JRE version: 7.0-b147
# Java VM: Java HotSpot(TM) 64-Bit Server VM (21.0-b17 mixed mode windows-amd64 compressed oops)
# Failed to write core dump. Minidumps are not enabled by default on client versions of Windows
#
# If you would like to submit a bug report, please visit:
#   http://bugreport.sun.com/bugreport/crash.jsp
#

---------------  T H R E A D  ---------------

Current thread (0x000000000014c000):  JavaThread "Unknown thread" [_thread_in_vm, id=8012, stack(0x00000000023e0000,0x00000000024e0000)]

Stack: [0x00000000023e0000,0x00000000024e0000]

---------------  P R O C E S S  ---------------

Java Threads: ( => current thread )

Other Threads:

=>0x000000000014c000 (exited) JavaThread "Unknown thread" [_thread_in_vm, id=8012, stack(0x00000000023e0000,0x00000000024e0000)]

VM state:not at safepoint (not fully initialized)

VM Mutex/Monitor currently owned by a thread: None

Dynamic libraries:
0x000000013fdb0000 - 0x000000013fde3000 	C:\Program Files\Java\jre7\bin\javaw.exe
0x00000000774b0000 - 0x0000000077659000 	C:\Windows\SYSTEM32\ntdll.dll
0x0000000077290000 - 0x00000000773af000 	C:\Windows\system32\kernel32.dll
0x000007fefda60000 - 0x000007fefdacb000 	C:\Windows\system32\KERNELBASE.dll
0x000007feff6e0000 - 0x000007feff7bb000 	C:\Windows\system32\ADVAPI32.dll
0x000007fefe2f0000 - 0x000007fefe38f000 	C:\Windows\system32\msvcrt.dll
0x000007fefdce0000 - 0x000007fefdcff000 	C:\Windows\SYSTEM32\sechost.dll
0x000007fefe530000 - 0x000007fefe65d000 	C:\Windows\system32\RPCRT4.dll
0x00000000773b0000 - 0x00000000774aa000 	C:\Windows\system32\USER32.dll
0x000007fefe390000 - 0x000007fefe3f7000 	C:\Windows\system32\GDI32.dll
0x000007fefe4a0000 - 0x000007fefe4ae000 	C:\Windows\system32\LPK.dll
0x000007fefdd00000 - 0x000007fefddc9000 	C:\Windows\system32\USP10.dll
0x000007fefc280000 - 0x000007fefc474000 	C:\Windows\WinSxS\amd64_microsoft.windows.common-controls_6595b64144ccf1df_6.0.7601.17514_none_fa396087175ac9ac\COMCTL32.dll
0x000007fefe4b0000 - 0x000007fefe521000 	C:\Windows\system32\SHLWAPI.dll
0x000007fefe220000 - 0x000007fefe24e000 	C:\Windows\system32\IMM32.DLL
0x000007fefe0b0000 - 0x000007fefe1b9000 	C:\Windows\system32\MSCTF.dll
0x0000000060090000 - 0x0000000060161000 	C:\Program Files\Java\jre7\bin\msvcr100.dll
0x000000005f6a0000 - 0x000000005fd6e000 	C:\Program Files\Java\jre7\bin\server\jvm.dll
0x000007fef8fc0000 - 0x000007fef8fc9000 	C:\Windows\system32\WSOCK32.dll
0x000007fefe060000 - 0x000007fefe0ad000 	C:\Windows\system32\WS2_32.dll
0x000007fefe050000 - 0x000007fefe058000 	C:\Windows\system32\NSI.dll
0x000007fefb500000 - 0x000007fefb53b000 	C:\Windows\system32\WINMM.dll
0x0000000077670000 - 0x0000000077677000 	C:\Windows\system32\PSAPI.DLL
0x000000006a210000 - 0x000000006a21f000 	C:\Program Files\Java\jre7\bin\verify.dll
0x000000006a1e0000 - 0x000000006a208000 	C:\Program Files\Java\jre7\bin\java.dll
0x00000000647e0000 - 0x00000000647f5000 	C:\Program Files\Java\jre7\bin\zip.dll

VM Arguments:
jvm_args: -Dfile.encoding=Cp1252 -Xbootclasspath:C:\Users\Owner\AppData\Local\Android\android sdk\sdk\platforms\android-17\android.jar 
java_command: com.wise.android.Welcome
Launcher Type: SUN_STANDARD

Environment Variables:
CLASSPATH=.;C:\Program Files (x86)\Java\jre7\lib\ext\QTJava.zip
PATH=C:\Program Files (x86)\HP SimplePass 2011\x64;C:\Program Files (x86)\HP SimplePass 2011\;C:\Program Files\Common Files\Microsoft Shared\Windows Live;C:\Program Files (x86)\Common Files\Microsoft Shared\Windows Live;C:\Windows\system32;C:\Windows;C:\Windows\System32\Wbem;C:\Windows\System32\WindowsPowerShell\v1.0\;C:\Program Files (x86)\Common Files\Roxio Shared\DLLShared\;C:\Program Files (x86)\Common Files\Roxio Shared\DLLShared\;C:\Program Files (x86)\Common Files\Roxio Shared\12.0\DLLShared\;C:\Program Files (x86)\Windows Live\Shared;C:\Program Files (x86)\ATI Technologies\ATI.ACE\Core-Static;C:\Program Files\Intel\WiFi\bin\;C:\Program Files\Common Files\Intel\WirelessCommon\;C:\Program Files (x86)\Heroku\bin;C:\Program Files (x86)\git\cmd;C:\Program Files (x86)\QuickTime\QTSystem\;C:\Tcl\bin;C:\Ruby187\bin;C:\Program Files (x86)\HP SimplePass 2011\x64;C:\Program Files (x86)\HP SimplePass 2011\;C:\Program Files\Common Files\Microsoft Shared\Windows Live;C:\Program Files (x86)\Common Files\Microsoft Shared\Windows Live;C:\Windows\system32;C:\Windows;C:\Windows\System32\Wbem;C:\Windows\System32\WindowsPowerShell\v1.0\;C:\Program Files (x86)\Common Files\Roxio Shared\DLLShared\;C:\Program Files (x86)\Common Files\Roxio Shared\DLLShared\;C:\Program Files (x86)\Common Files\Roxio Shared\12.0\DLLShared\;C:\Program Files (x86)\Windows Live\Shared;C:\Program Files (x86)\ATI Technologies\ATI.ACE\Core-Static;C:\Program Files\Intel\WiFi\bin\;C:\Program Files\Common Files\Intel\WirelessCommon\;C:\Program Files (x86)\Heroku\bin;C:\Program Files (x86)\git\cmd;C:\Program Files (x86)\QuickTime\QTSystem\
USERNAME=Owner
OS=Windows_NT
PROCESSOR_IDENTIFIER=Intel64 Family 6 Model 42 Stepping 7, GenuineIntel



---------------  S Y S T E M  ---------------

OS: Windows 7 , 64 bit Build 7601 Service Pack 1

CPU:total 8 (4 cores per cpu, 2 threads per core) family 6 model 42 stepping 7, cmov, cx8, fxsr, mmx, sse, sse2, sse3, ssse3, sse4.1, sse4.2, popcnt, ht

Memory: 4k page, physical 6238064k(3030504k free), swap 12474268k(8721568k free)

vm_info: Java HotSpot(TM) 64-Bit Server VM (21.0-b17) for windows-amd64 JRE (1.7.0-b147), built on Jun 27 2011 02:19:45 by "java_re" with unknown MS VC++:1600

time: Mon Jun 10 22:51:20 2013
elapsed time: 0 seconds

